{"D:\\fullstack\\part5\\bloglist-frontend\\src\\components\\Blog.jsx": {"path":"D:\\fullstack\\part5\\bloglist-frontend\\src\\components\\Blog.jsx","statementMap":{"0":{"start":{"line":3,"column":13},"end":{"line":45,"column":null}},"1":{"start":{"line":4,"column":30},"end":{"line":4,"column":null}},"2":{"start":{"line":6,"column":25},"end":{"line":6,"column":null}},"3":{"start":{"line":6,"column":31},"end":{"line":6,"column":null}},"4":{"start":{"line":8,"column":20},"end":{"line":14,"column":null}},"5":{"start":{"line":16,"column":24},"end":{"line":25,"column":null}},"6":{"start":{"line":17,"column":4},"end":{"line":17,"column":null}},"7":{"start":{"line":19,"column":24},"end":{"line":22,"column":null}},"8":{"start":{"line":24,"column":4},"end":{"line":24,"column":null}},"9":{"start":{"line":27,"column":2},"end":{"line":43,"column":null}},"10":{"start":{"line":39,"column":33},"end":{"line":39,"column":51}}},"fnMap":{"0":{"name":"(anonymous_0)","decl":{"start":{"line":3,"column":13},"end":{"line":3,"column":14}},"loc":{"start":{"line":3,"column":51},"end":{"line":45,"column":null}},"line":3},"1":{"name":"(anonymous_1)","decl":{"start":{"line":6,"column":25},"end":{"line":6,"column":31}},"loc":{"start":{"line":6,"column":31},"end":{"line":6,"column":null}},"line":6},"2":{"name":"(anonymous_2)","decl":{"start":{"line":16,"column":24},"end":{"line":16,"column":25}},"loc":{"start":{"line":16,"column":35},"end":{"line":25,"column":null}},"line":16},"3":{"name":"(anonymous_3)","decl":{"start":{"line":39,"column":27},"end":{"line":39,"column":33}},"loc":{"start":{"line":39,"column":33},"end":{"line":39,"column":51}},"line":39}},"branchMap":{"0":{"loc":{"start":{"line":32,"column":7},"end":{"line":40,"column":null}},"type":"binary-expr","locations":[{"start":{"line":32,"column":7},"end":{"line":32,"column":null}},{"start":{"line":33,"column":8},"end":{"line":40,"column":null}}],"line":32},"1":{"loc":{"start":{"line":36,"column":11},"end":{"line":36,"column":null}},"type":"binary-expr","locations":[{"start":{"line":36,"column":11},"end":{"line":36,"column":34}},{"start":{"line":36,"column":34},"end":{"line":36,"column":null}}],"line":36},"2":{"loc":{"start":{"line":42,"column":7},"end":{"line":42,"column":null}},"type":"binary-expr","locations":[{"start":{"line":42,"column":7},"end":{"line":42,"column":20}},{"start":{"line":42,"column":20},"end":{"line":42,"column":null}}],"line":42}},"s":{"0":1,"1":3,"2":3,"3":1,"4":3,"5":3,"6":1,"7":1,"8":1,"9":3,"10":0},"f":{"0":3,"1":1,"2":1,"3":0},"b":{"0":[3,1],"1":[1,0],"2":[3,2]},"meta":{"lastBranch":3,"lastFunction":4,"lastStatement":11,"seen":{"s:3:13:45:Infinity":0,"f:3:13:3:14":0,"s:4:30:4:Infinity":1,"s:6:25:6:Infinity":2,"f:6:25:6:31":1,"s:6:31:6:Infinity":3,"s:8:20:14:Infinity":4,"s:16:24:25:Infinity":5,"f:16:24:16:25":2,"s:17:4:17:Infinity":6,"s:19:24:22:Infinity":7,"s:24:4:24:Infinity":8,"s:27:2:43:Infinity":9,"b:32:7:32:Infinity:33:8:40:Infinity":0,"b:36:11:36:34:36:34:36:Infinity":1,"f:39:27:39:33":3,"s:39:33:39:51":10,"b:42:7:42:20:42:20:42:Infinity":2}}}
}
